<?xml version="1.0" encoding="UTF-8"?>
<!-- Generated by org.testng.reporters.JUnitXMLReporter -->
<testsuite ignored="2" hostname="LAPTOP-SM693BVJ" failures="0" tests="1" name="Default test" time="70.073" errors="0" timestamp="2024-03-10T19:26:26 IST">
  <testcase classname="TestCases.TestCase_1" name="testCase1_Chrome" time="70.049"/>
  <testcase classname="TestCases.TestCase_1" name="testCase1_Safari" time="0.0">
    <ignored/>
  </testcase> <!-- testCase1_Safari -->
  <testcase classname="TestCases.TestCase_1" name="testCase1_FireFox" time="0.0">
    <ignored/>
  </testcase> <!-- testCase1_FireFox -->
</testsuite> <!-- Default test -->
