<?xml version="1.0" encoding="UTF-8"?>
<testng-results ignored="2" total="3" passed="1" failed="0" skipped="0">
  <reporter-output>
  </reporter-output>
  <suite started-at="2024-03-10T19:25:16 IST" name="Default suite" finished-at="2024-03-10T19:26:26 IST" duration-ms="70073">
    <groups>
    </groups>
    <test started-at="2024-03-10T19:25:16 IST" name="Default test" finished-at="2024-03-10T19:26:26 IST" duration-ms="70073">
      <class name="TestCases.TestCase_1">
        <test-method signature="testCase1_Chrome()[pri:0, instance:TestCases.TestCase_1@614ca7df]" started-at="2024-03-10T19:25:16 IST" name="testCase1_Chrome" finished-at="2024-03-10T19:26:26 IST" duration-ms="70049" status="PASS">
          <reporter-output>
          </reporter-output>
        </test-method> <!-- testCase1_Chrome -->
      </class> <!-- TestCases.TestCase_1 -->
    </test> <!-- Default test -->
  </suite> <!-- Default suite -->
</testng-results>
